<?xml version="1.0" encoding="UTF-8"?>
<testng-results ignored="0" total="1" passed="1" failed="0" skipped="0">
  <reporter-output>
  </reporter-output>
  <suite started-at="2025-05-14T11:05:35 IST" name="Default suite" finished-at="2025-05-14T11:05:46 IST" duration-ms="11231">
    <groups>
    </groups>
    <test started-at="2025-05-14T11:05:35 IST" name="Default test" finished-at="2025-05-14T11:05:46 IST" duration-ms="11231">
      <class name="test.NotepadTest">
        <test-method is-config="true" signature="setup()[pri:0, instance:test.NotepadTest@6069db50]" started-at="2025-05-14T11:05:35 IST" name="setup" finished-at="2025-05-14T11:05:40 IST" duration-ms="4833" status="PASS">
          <reporter-output>
          </reporter-output>
        </test-method> <!-- setup -->
        <test-method signature="testNotepadSaveFile()[pri:0, instance:test.NotepadTest@6069db50]" started-at="2025-05-14T11:05:40 IST" name="testNotepadSaveFile" finished-at="2025-05-14T11:05:46 IST" duration-ms="6287" status="PASS">
          <reporter-output>
          </reporter-output>
        </test-method> <!-- testNotepadSaveFile -->
      </class> <!-- test.NotepadTest -->
    </test> <!-- Default test -->
  </suite> <!-- Default suite -->
</testng-results>
